Arguments: 
  /usr/local/bin/node /usr/share/yarn/bin/yarn.js

PATH: 
  /home/rex/.local/bin:/usr/local/sbin:/usr/local/bin:/usr/sbin:/usr/bin:/sbin:/bin:/usr/games:/usr/local/games:/snap/bin

Yarn version: 
  1.22.5

Node version: 
  16.1.0

Platform: 
  linux x64

Trace: 
  SyntaxError: /home/rex/1-Projects/x-boilerplate/package.json: Unexpected token } in JSON at position 186
      at JSON.parse (<anonymous>)
      at /usr/share/yarn/lib/cli.js:1625:59
      at Generator.next (<anonymous>)
      at step (/usr/share/yarn/lib/cli.js:310:30)
      at /usr/share/yarn/lib/cli.js:321:13

npm manifest: 
  {
    "name": "x-boilerplate",
    "version": "1.0.0",
    "scripts": {
      "start:api": "cd ./microservices/api && npm run start",
      "start:ui": "cd ./microservices/ui && npm run start",
    },
    "dependencies": {},
    "devDependencies": {},
    "kaviar": {
      "type": "project"
    },
    "private": true,
    "workspaces": ["microservices"]
  }

yarn manifest: 
  No manifest

Lockfile: 
  # THIS IS AN AUTOGENERATED FILE. DO NOT EDIT THIS FILE DIRECTLY.
  # yarn lockfile v1
